app/build/outputs/logs/manifest-merger-debug-report.txt
-- Merging decision tree log ---
manifest
ADDED from src\main\AndroidManifest.xml:1:1-24:12
	package
		ADDED from src\main\AndroidManifest.xml:2:5-66
		INJECTED from src\main\AndroidManifest.xml
		INJECTED from src\main\AndroidManifest.xml
	android:versionName
		ADDED from src\main\AndroidManifest.xml:4:5-30
	android:versionCode
		ADDED from src\main\AndroidManifest.xml:3:5-28
		INJECTED from src\main\AndroidManifest.xml
		INJECTED from src\main\AndroidManifest.xml
	xmlns:android
		ADDED from src\main\AndroidManifest.xml:1:11-69
uses-sdk
ADDED from src\main\AndroidManifest.xml:6:5-8:41
	android:targetSdkVersion
		ADDED from src\main\AndroidManifest.xml:8:9-38
		INJECTED from src\main\AndroidManifest.xml
		INJECTED from src\main\AndroidManifest.xml
	android:minSdkVersion
		ADDED from src\main\AndroidManifest.xml:7:9-35
		INJECTED from src\main\AndroidManifest.xml
		INJECTED from src\main\AndroidManifest.xml
uses-permission#android.permission.INTERNET
ADDED from src\main\AndroidManifest.xml:9:1-63
	android:name
		ADDED from src\main\AndroidManifest.xml:9:18-60
application
ADDED from src\main\AndroidManifest.xml:11:5-22:19
	android:label
		ADDED from src\main\AndroidManifest.xml:14:9-41
	android:allowBackup
		ADDED from src\main\AndroidManifest.xml:12:9-35
	android:icon
		ADDED from src\main\AndroidManifest.xml:13:9-45
	android:theme
		ADDED from src\main\AndroidManifest.xml:15:9-40
receiver#jp.co.casio.caios.sample.finalizeddatabackup_sample.BroadcastReceiver
ADDED from src\main\AndroidManifest.xml:16:3-20:14
	android:name
		ADDED from src\main\AndroidManifest.xml:16:13-46
intent-filter#ReginfoFinalized
ADDED from src\main\AndroidManifest.xml:17:3-19:19
action#ReginfoFinalized
ADDED from src\main\AndroidManifest.xml:18:3-45
	android:name
		ADDED from src\main\AndroidManifest.xml:18:11-42
service#jp.co.casio.caios.sample.finalizeddatabackup_sample.DatabaseBackupService
ADDED from src\main\AndroidManifest.xml:21:3-52
	android:name
		ADDED from src\main\AndroidManifest.xml:21:12-49